<?xml version="1.0" encoding="UTF-8"?>
<!-- Generated by org.testng.reporters.JUnitXMLReporter -->
<testsuite ignored="4" hostname="vpr" failures="0" tests="1" name="Surefire test" time="0.067" errors="0" timestamp="20 Nov 2025 09:20:43 GMT">
  <testcase classname="org.baseclass.BaseClassTest" name="@BeforeTest openBrowserBeforeClass" time="0.0">
    <failure type="org.testng.TestNGException" message="
Parameter &amp;apos;browser&amp;apos; is required by BeforeTest on method openBrowserBeforeClass but has not been marked @Optional or defined
">
      <![CDATA[org.testng.TestNGException: 
Parameter 'browser' is required by BeforeTest on method openBrowserBeforeClass but has not been marked @Optional or defined

... Removed 26 stack frames]]>
    </failure>
  </testcase> <!-- @BeforeTest openBrowserBeforeClass -->
  <testcase classname="org.baseclass.BaseClassTest" name="@BeforeMethod setupBeforeMethod" time="0.0">
    <skipped/>
  </testcase> <!-- @BeforeMethod setupBeforeMethod -->
  <testcase classname="org.testcases.TC1Test" name="dynamicIds" time="0.0">
    <skipped/>
  </testcase> <!-- dynamicIds -->
  <testcase classname="org.baseclass.BaseClassTest" name="@BeforeTest openBrowserBeforeClass" time="0.0">
    <ignored/>
  </testcase> <!-- @BeforeTest openBrowserBeforeClass -->
  <testcase classname="org.baseclass.BaseClassTest" name="@BeforeTest openBrowserBeforeClass" time="0.0">
    <ignored/>
  </testcase> <!-- @BeforeTest openBrowserBeforeClass -->
  <testcase classname="org.baseclass.BaseClassTest" name="@BeforeTest openBrowserBeforeClass" time="0.0">
    <ignored/>
  </testcase> <!-- @BeforeTest openBrowserBeforeClass -->
  <testcase classname="org.testcases.TC2Test" name="dynamicTable" time="0.0">
    <ignored/>
  </testcase> <!-- dynamicTable -->
</testsuite> <!-- Surefire test -->
