<?xml version="1.0" encoding="UTF-8"?>
<!-- Generated by org.testng.reporters.JUnitXMLReporter -->
<testsuite ignored="1" hostname="vpr" failures="0" tests="3" name="Test" time="19.937" errors="0" timestamp="20 Nov 2025 09:55:23 GMT">
  <testcase classname="org.testcases.TC1Test" name="dynamicIds" time="9.831"/>
  <testcase classname="org.testcases.TC1Test" name="hiddenLayers" time="1.208"/>
  <testcase classname="org.testcases.TC2Test" name="scrollProgressBar" time="8.838"/>
  <testcase classname="org.testcases.TC2Test" name="dynamicTable" time="0.0">
    <ignored/>
  </testcase> <!-- dynamicTable -->
</testsuite> <!-- Test -->
