<?xml version="1.0" encoding="UTF-8"?>
<!-- Generated by org.testng.reporters.JUnitXMLReporter -->
<testsuite ignored="4" hostname="vpr" failures="1" tests="1" name="Test" time="0.069" errors="0" timestamp="20 Nov 2025 09:30:07 GMT">
  <testcase classname="org.testcases.TC1Test" name="hiddenLayers" time="0.027">
    <failure type="java.lang.IllegalStateException" message="WebDriver is not initialized. Did you forget to launch the browser?">
      <![CDATA[java.lang.IllegalStateException: WebDriver is not initialized. Did you forget to launch the browser?
at org.baseclass.BaseClassTest.setUrl(BaseClassTest.java:122)
at org.testcases.TC1Test.hiddenLayers(TC1Test.java:40)
... Removed 29 stack frames]]>
    </failure>
  </testcase> <!-- hiddenLayers -->
  <testcase classname="org.testcases.TC1Test" name="dynamicIds" time="0.0">
    <ignored/>
  </testcase> <!-- dynamicIds -->
  <testcase classname="org.testcases.TC2Test" name="scrollProgressBar" time="0.0">
    <ignored/>
  </testcase> <!-- scrollProgressBar -->
  <testcase classname="org.testcases.CrossBrowserTC1Test" name="disabled" time="0.0">
    <ignored/>
  </testcase> <!-- disabled -->
  <testcase classname="org.testcases.TC2Test" name="dynamicTable" time="0.0">
    <ignored/>
  </testcase> <!-- dynamicTable -->
</testsuite> <!-- Test -->
