<?xml version="1.0" encoding="UTF-8"?>
<testng-results ignored="1" total="4" passed="3" failed="0" skipped="0">
  <reporter-output>
  </reporter-output>
  <suite started-at="2025-11-20T09:55:03Z" name="Suite" finished-at="2025-11-20T09:55:23Z" duration-ms="19937">
    <groups>
      <group name="Regression">
        <method signature="TC1Test.dynamicIds()[pri:0, instance:org.testcases.TC1Test@345f69f3]" name="dynamicIds" class="org.testcases.TC1Test"/>
        <method signature="TC2Test.scrollProgressBar()[pri:4, instance:org.testcases.TC2Test@50de186c]" name="scrollProgressBar" class="org.testcases.TC2Test"/>
      </group> <!-- Regression -->
      <group name="smoke">
        <method signature="TC1Test.hiddenLayers()[pri:1, instance:org.testcases.TC1Test@345f69f3]" name="hiddenLayers" class="org.testcases.TC1Test"/>
      </group> <!-- smoke -->
    </groups>
    <test started-at="2025-11-20T09:55:03Z" name="Test" finished-at="2025-11-20T09:55:23Z" duration-ms="19937">
      <class name="org.testcases.TC1Test">
        <test-method signature="dynamicIds()[pri:0, instance:org.testcases.TC1Test@345f69f3]" started-at="2025-11-20T09:55:03Z" name="dynamicIds" finished-at="2025-11-20T09:55:13Z" duration-ms="9831" status="PASS">
          <reporter-output>
          </reporter-output>
        </test-method> <!-- dynamicIds -->
        <test-method signature="hiddenLayers()[pri:1, instance:org.testcases.TC1Test@345f69f3]" started-at="2025-11-20T09:55:13Z" name="hiddenLayers" finished-at="2025-11-20T09:55:14Z" duration-ms="1208" status="PASS">
          <reporter-output>
          </reporter-output>
        </test-method> <!-- hiddenLayers -->
      </class> <!-- org.testcases.TC1Test -->
      <class name="org.testcases.TC2Test">
        <test-method signature="scrollProgressBar()[pri:4, instance:org.testcases.TC2Test@50de186c]" started-at="2025-11-20T09:55:14Z" name="scrollProgressBar" finished-at="2025-11-20T09:55:23Z" duration-ms="8838" status="PASS">
          <reporter-output>
          </reporter-output>
        </test-method> <!-- scrollProgressBar -->
      </class> <!-- org.testcases.TC2Test -->
    </test> <!-- Test -->
  </suite> <!-- Suite -->
</testng-results>
