<?xml version="1.0" encoding="UTF-8"?>
<!-- Generated by org.testng.reporters.JUnitReportReporter -->
<testsuite hostname="vpr" failures="0" tests="2" name="org.testcases.TC2Test" time="8.838" errors="0" timestamp="20 Nov 2025 09:55:24 GMT" skipped="1">
  <testcase classname="org.testcases.TC2Test" name="scrollProgressBar" time="8.838"/>
  <testcase classname="org.testcases.TC2Test" name="dynamicTable">
    <skipped/>
  </testcase> <!-- dynamicTable -->
</testsuite> <!-- org.testcases.TC2Test -->
